11/10/2025 5:18:05 AM,Microsoft-Windows-Kernel-General,16,,The access history in hive \??\C:\ProgramData\Microsoft\Windows\AppRepository\Packages\Microsoft.BioEnrollment_10.0.19041.3636_neutral__cw5n1h2txyewy\ActivationStore.dat was cleared updating 0 keys and creating 0 modified pages.,0,0.4689045363852424
11/10/2025 5:18:05 AM,Microsoft-Windows-Kernel-General,16,,The access history in hive \??\C:\ProgramData\Microsoft\Windows\AppRepository\Packages\Microsoft.AsyncTextService_10.0.19041.3636_neutral__8wekyb3d8bbwe\ActivationStore.dat was cleared updating 0 keys and creating 0 modified pages.,0,0.4410933857873181
11/10/2025 5:18:04 AM,Microsoft-Windows-Kernel-General,16,,The access history in hive \??\C:\ProgramData\Microsoft\Windows\AppRepository\Packages\Microsoft.AccountsControl_10.0.19041.3636_neutral__cw5n1h2txyewy\ActivationStore.dat was cleared updating 0 keys and creating 0 modified pages.,0,0.40564397222870097
11/10/2025 5:18:04 AM,Microsoft-Windows-Kernel-General,16,,The access history in hive \??\C:\ProgramData\Microsoft\Windows\AppRepository\Packages\Microsoft.AAD.BrokerPlugin_1000.19041.3636.0_neutral_neutral_cw5n1h2txyewy\ActivationStore.dat was cleared updating 0 keys and creating 0 modified pages.,0,0.4145854392215981
11/10/2025 5:18:03 AM,Microsoft-Windows-Kernel-General,16,,The access history in hive \??\C:\ProgramData\Microsoft\Windows\AppRepository\Packages\F46D4000-FD22-4DB4-AC8E-4E1DDDE828FE_10.0.19041.3636_neutral_neutral_cw5n1h2txyewy\ActivationStore.dat was cleared updating 0 keys and creating 0 modified pages.,0,0.3966076467712085
11/10/2025 5:18:03 AM,Microsoft-Windows-Kernel-General,16,,The access history in hive \??\C:\ProgramData\Microsoft\Windows\AppRepository\Packages\E2A4F912-2574-4A75-9BB0-0D023378592B_10.0.19041.3636_neutral_neutral_cw5n1h2txyewy\ActivationStore.dat was cleared updating 0 keys and creating 0 modified pages.,0,0.4024844011684624
11/10/2025 5:18:03 AM,Microsoft-Windows-Kernel-General,16,,The access history in hive \??\C:\ProgramData\Microsoft\Windows\AppRepository\Packages\c5e2524a-ea46-4f67-841f-6a9465d9d515_10.0.19041.3636_neutral_neutral_cw5n1h2txyewy\ActivationStore.dat was cleared updating 0 keys and creating 0 modified pages.,0,0.40220783388986064
11/10/2025 5:18:02 AM,Microsoft-Windows-Kernel-General,16,,The access history in hive \??\C:\ProgramData\Microsoft\Windows\AppRepository\Packages\1527c705-839a-4832-9118-54d4Bd6a0c89_10.0.19041.3636_neutral_neutral_cw5n1h2txyewy\ActivationStore.dat was cleared updating 0 keys and creating 0 modified pages.,0,0.39301225644461796
11/10/2025 5:17:55 AM,Service Control Manager,7045,,"A service was installed in the system.

Service Name:  Intel(R) PRO/1000 NDIS 6 Adapter Driver
Service File Name:  \SystemRoot\System32\drivers\E1G6032E.sys
Service Type:  kernel mode driver
Service Start Type:  demand start
Service Account:  ",0,0.4359714001013597
11/10/2025 5:17:54 AM,Service Control Manager,7026,,"The following boot-start or system-start driver(s) did not load: 
dam",0,0.36432897983169904
11/10/2025 5:17:55 AM,Workstation,3261,,This computer has been successfully joined to workgroup 'WORKGROUP'.,0,0.431973233451194
11/10/2025 5:17:46 AM,Service Control Manager,7023,,"The netprofm service terminated with the following error: 
The device is not ready.",0,0.3789657484342037
11/10/2025 5:17:45 AM,Microsoft-Windows-DHCPv6-Client,51046,Service State Event,DHCPv6 client service is started,1,0.6259885858395193
11/10/2025 5:17:45 AM,Microsoft-Windows-FilterManager,6,,"File System Filter 'bindflt' (10.0, ‎2016‎-‎11‎-‎30T18:47:51.000000000Z) has successfully loaded and registered with Filter Manager.",1,0.591877336868125
11/10/2025 5:17:45 AM,Microsoft-Windows-FilterManager,6,,"File System Filter 'storqosflt' (10.0, ‎2007‎-‎04‎-‎09T10:08:30.000000000Z) has successfully loaded and registered with Filter Manager.",1,0.6198677333675783
11/10/2025 5:17:45 AM,Microsoft-Windows-FilterManager,6,,"File System Filter 'CldFlt' (10.0, ‎2084‎-‎11‎-‎24T23:15:59.000000000Z) has successfully loaded and registered with Filter Manager.",1,0.6263543220877542
11/10/2025 5:17:45 AM,Microsoft-Windows-FilterManager,1,,"File System Filter 'CldFlt' (Version 10.0, ‎2084‎-‎11‎-‎24T23:15:59.000000000Z) unloaded successfully.",1,0.563824529298158
11/10/2025 5:17:45 AM,Microsoft-Windows-FilterManager,6,,"File System Filter 'CldFlt' (10.0, ‎2084‎-‎11‎-‎24T23:15:59.000000000Z) has successfully loaded and registered with Filter Manager.",1,0.6263543220877542
11/10/2025 5:17:45 AM,Microsoft-Windows-Dhcp-Client,50103,Service State Event,DHCPv4 client registered for shutdown notification,1,0.5803228266130458
11/10/2025 5:17:45 AM,Microsoft-Windows-Dhcp-Client,50036,Service State Event,DHCPv4 client service is started,1,0.6247180021816269
11/10/2025 5:17:45 AM,Microsoft-Windows-FilterManager,6,,"File System Filter 'wcifs' (10.0, ‎2004‎-‎03‎-‎22T09:56:15.000000000Z) has successfully loaded and registered with Filter Manager.",1,0.6056048087047738
11/10/2025 5:17:45 AM,Microsoft-Windows-FilterManager,6,,"File System Filter 'luafv' (10.0, ‎2062‎-‎02‎-‎02T19:11:58.000000000Z) has successfully loaded and registered with Filter Manager.",1,0.6243523411390103
11/10/2025 5:17:43 AM,Microsoft-Windows-Kernel-General,16,,The access history in hive \SystemRoot\System32\Config\BBI was cleared updating 1 keys and creating 1 modified pages.,0,0.39896464582394003
11/10/2025 5:17:42 AM,Microsoft-Windows-Directory-Services-SAM,16977,,"The domain is configured with the following minimum password length-related settings.

MinimumPasswordLength: 0

RelaxMinimumPasswordLengthLimits: 0

MinimumPasswordLengthAudit: -1

For more information see https://go.microsoft.com/fwlink/?LinkId=2097191.
",0,0.43943227723160133
11/10/2025 5:17:26 AM,Microsoft-Windows-Directory-Services-SAM,16983,,"The security account manager is now logging periodic summary events for remote clients that call legacy password change or set RPC methods.

For more information please see https://go.microsoft.com/fwlink/?linkid=2150956.
",0,0.3854859927924144
11/10/2025 5:17:26 AM,Microsoft-Windows-Directory-Services-SAM,16977,,"The domain is configured with the following minimum password length-related settings.

MinimumPasswordLength: 0

RelaxMinimumPasswordLengthLimits: 0

MinimumPasswordLengthAudit: -1

For more information see https://go.microsoft.com/fwlink/?LinkId=2097191.
",0,0.39796373529802176
11/10/2025 5:17:26 AM,Microsoft-Windows-Directory-Services-SAM,16962,,"Remote calls to the SAM database are being restricted using the default security descriptor: O:SYG:SYD:(A;;RC;;;BA).
For more information please see http://go.microsoft.com/fwlink/?LinkId=787651.",0,0.3179302323011645
11/10/2025 5:17:25 AM,Microsoft-Windows-Wininit,14,,"Credential Guard configuration: 0x0, 0",0,0.4989354583971425
11/10/2025 5:17:23 AM,Microsoft-Windows-Kernel-General,24,(11),The time zone information was refreshed with exit reason 0. Current time zone bias is 480.,0,0.41738015467545453
11/10/2025 5:17:21 AM,Microsoft-Windows-Kernel-Power,521,(220),Active battery count change.,1,0.5650488405345246
11/10/2025 5:17:21 AM,Microsoft-Windows-Kernel-Processor-Power,55,(47),"Processor 0 in group 0 exposes the following power management capabilities:

Idle state type: ACPI Idle (C) States (1 state(s))

Performance state type: None
Nominal Frequency (MHz): 2994
Maximum performance percentage: 100
Minimum performance percentage: 100
Minimum throttle percentage: 100",1,0.6192435406113712
11/10/2025 5:17:21 AM,Microsoft-Windows-Kernel-Power,172,(203),"Connectivity state in standby: Disconnected, Reason: NIC compliance",1,0.5888579194667314
11/10/2025 5:17:21 AM,Microsoft-Windows-Ntfs,98,,Volume \\?\Volume{8cf873f0-0000-0000-0000-100000000000} (\Device\HarddiskVolume1) is healthy.  No action is needed.,1,0.5934440416008878
11/10/2025 5:17:21 AM,Microsoft-Windows-FilterManager,6,,"File System Filter 'npsvctrig' (10.0, ‎2025‎-‎01‎-‎05T18:41:12.000000000Z) has successfully loaded and registered with Filter Manager.",1,0.6152802397676043
11/10/2025 5:17:20 AM,Microsoft-Windows-FilterManager,6,,"File System Filter 'FileCrypt' (10.0, ‎2002‎-‎03‎-‎01T03:12:42.000000000Z) has successfully loaded and registered with Filter Manager.",1,0.5204275831808488
11/10/2025 5:17:20 AM,Microsoft-Windows-Ntfs,98,,Volume C: (\Device\HarddiskVolume2) is healthy.  No action is needed.,1,0.6643548242023932
11/10/2025 5:17:20 AM,Microsoft-Windows-FilterManager,6,,"File System Filter 'WdFilter' (10.0, ‎2066‎-‎04‎-‎08T20:52:09.000000000Z) has successfully loaded and registered with Filter Manager.",1,0.5134165138902201
11/10/2025 5:17:20 AM,Microsoft-Windows-FilterManager,6,,"File System Filter 'Wof' (10.0, ‎2090‎-‎03‎-‎16T10:56:17.000000000Z) has successfully loaded and registered with Filter Manager.",1,0.5300125296897541
11/10/2025 5:17:20 AM,Microsoft-Windows-FilterManager,6,,"File System Filter 'FileInfo' (10.0, ‎2062‎-‎12‎-‎22T21:21:06.000000000Z) has successfully loaded and registered with Filter Manager.",1,0.5097737863199187
11/10/2025 5:17:18 AM,Microsoft-Windows-HAL,16,,The iommu fault reporting has been initialized.,1,0.6481767002981907
11/10/2025 5:17:18 AM,Microsoft-Windows-Kernel-General,20,(6),"The leap second configuration has been updated.
Reason: Leap second data initialized from registry during boot
Leap seconds enabled: true
New leap second count: 0
Old leap second count: 0",1,0.603940865203548
11/10/2025 5:17:18 AM,Microsoft-Windows-Kernel-Boot,32,(58),The bootmgr spent 0 ms waiting for user input.,0,0.4456391058714047
11/10/2025 5:17:18 AM,Microsoft-Windows-Kernel-Boot,18,(57),There are 0x1 boot options on this system.,1,0.5732839772207224
11/10/2025 5:17:18 AM,Microsoft-Windows-Kernel-Boot,27,(33),The boot type was 0x0.,1,0.582170212741444
11/10/2025 5:17:18 AM,Microsoft-Windows-Kernel-Boot,25,(32),The boot menu policy was 0x1.,1,0.5794225076019306
11/10/2025 5:17:18 AM,Microsoft-Windows-Kernel-Boot,153,(62),Virtualization-based security (policies: 0) is disabled.,0,0.46183302158455286
11/10/2025 5:17:18 AM,Microsoft-Windows-Kernel-General,12,(1),The operating system started at system time ‎2025‎-‎11‎-‎09T23:47:18.611784400Z.,1,0.5917366703887582
11/10/2025 5:17:44 AM,EventLog,6005,,The Event log service was started.,0,0.43803293214093336
11/10/2025 5:17:44 AM,EventLog,6009,,Microsoft (R) Windows (R) 10.00. 19045  Multiprocessor Free.,0,0.47914153794430087
